Info: Starting: Create block symbol file (.bsf)
Info: qsys-generate /home/dclab/lab3/src/agua.qsys --block-symbol-file --output-directory=/home/dclab/lab3/src/agua --family="Cyclone IV E" --part=EP4CE115F29C7
Progress: Loading src/agua.qsys
Progress: Reading input file
Progress: Adding altpll_0 [altpll 16.1]
Progress: Parameterizing module altpll_0
Progress: Adding clk_0 [clock_source 16.1]
Progress: Parameterizing module clk_0
Progress: Building connections
Progress: Parameterizing connections
Progress: Validating
Progress: Done reading input file
Warning: agua.altpll_0: altpll_0.areset_conduit must be exported, or connected to a matching conduit.
Warning: agua.altpll_0: altpll_0.locked_conduit must be exported, or connected to a matching conduit.
Warning: agua.altpll_0: altpll_0.pll_slave must be connected to an Avalon-MM master
Info: qsys-generate succeeded.
Info: Finished: Create block symbol file (.bsf)
Info: 
Info: Starting: Create HDL design files for synthesis
Info: qsys-generate /home/dclab/lab3/src/agua.qsys --synthesis=VERILOG --output-directory=/home/dclab/lab3/src/agua/synthesis --family="Cyclone IV E" --part=EP4CE115F29C7
Progress: Loading src/agua.qsys
Progress: Reading input file
Progress: Adding altpll_0 [altpll 16.1]
Progress: Parameterizing module altpll_0
Progress: Adding clk_0 [clock_source 16.1]
Progress: Parameterizing module clk_0
Progress: Building connections
Progress: Parameterizing connections
Progress: Validating
Progress: Done reading input file
Warning: agua.altpll_0: altpll_0.areset_conduit must be exported, or connected to a matching conduit.
Warning: agua.altpll_0: altpll_0.locked_conduit must be exported, or connected to a matching conduit.
Warning: agua.altpll_0: altpll_0.pll_slave must be connected to an Avalon-MM master
Info: agua: Generating agua "agua" for QUARTUS_SYNTH
Info: altpll_0: "agua" instantiated altpll "altpll_0"
Info: rst_controller: "agua" instantiated altera_reset_controller "rst_controller"
Info: agua: Done "agua" with 3 modules, 5 files
Info: qsys-generate succeeded.
Info: Finished: Create HDL design files for synthesis
